2025-07-25 18:52:34,754 - scroll_stopping_tool_enhanced - WARNING - Twilio not available - SMS notifications will be disabled
2025-07-25 18:52:34,754 - scroll_stopping_tool_enhanced - WARNING - Google API not available - calendar integration will be disabled
2025-07-25 18:52:34,755 - scroll_stopping_tool_enhanced - WARNING - QRCode/PIL not available - QR code features will be disabled
2025-07-25 18:52:34,828 - scroll_stopping_tool_enhanced - WARNING - Speech recognition not available - voice features will be disabled
2025-07-25 18:52:34,828 - scroll_stopping_tool_enhanced - WARNING - ttkbootstrap not available - using default tkinter theme
2025-07-25 18:52:35,391 - scroll_stopping_tool_enhanced - INFO - Database initialized successfully
2025-07-25 18:52:35,392 - scroll_stopping_tool_enhanced - INFO - No settings file found, using defaults
2025-07-25 18:52:35,392 - scroll_stopping_tool_enhanced - INFO - No settings file found, using defaults
2025-07-25 18:52:35,444 - scroll_stopping_tool_enhanced - INFO - Enhanced Scroll Stopping Tool initialized
2025-07-26 01:43:03,487 - scroll_stopping_tool_enhanced - WARNING - Twilio not available - SMS notifications will be disabled
2025-07-26 01:43:03,488 - scroll_stopping_tool_enhanced - WARNING - Google API not available - calendar integration will be disabled
2025-07-26 01:43:03,488 - scroll_stopping_tool_enhanced - WARNING - QRCode/PIL not available - QR code features will be disabled
2025-07-26 01:43:03,546 - scroll_stopping_tool_enhanced - WARNING - Speech recognition not available - voice features will be disabled
2025-07-26 01:43:03,546 - scroll_stopping_tool_enhanced - WARNING - ttkbootstrap not available - using default tkinter theme
2025-07-26 01:43:03,555 - scroll_stopping_tool_enhanced - INFO - Advanced features loaded successfully
2025-07-26 01:43:03,908 - scroll_stopping_tool_enhanced - INFO - Database initialized successfully
2025-07-26 01:43:03,909 - scroll_stopping_tool_enhanced - INFO - No settings file found, using defaults
2025-07-26 01:43:03,909 - scroll_stopping_tool_enhanced - INFO - No settings file found, using defaults
2025-07-26 01:43:21,998 - scroll_stopping_tool_enhanced - WARNING - Twilio not available - SMS notifications will be disabled
2025-07-26 01:43:22,001 - scroll_stopping_tool_enhanced - WARNING - Google API not available - calendar integration will be disabled
2025-07-26 01:43:22,001 - scroll_stopping_tool_enhanced - WARNING - QRCode/PIL not available - QR code features will be disabled
2025-07-26 01:43:22,080 - scroll_stopping_tool_enhanced - WARNING - Speech recognition not available - voice features will be disabled
2025-07-26 01:43:22,081 - scroll_stopping_tool_enhanced - WARNING - ttkbootstrap not available - using default tkinter theme
2025-07-26 01:43:22,084 - scroll_stopping_tool_enhanced - INFO - Advanced features loaded successfully
2025-07-26 01:43:22,294 - scroll_stopping_tool_enhanced - INFO - Database initialized successfully
2025-07-26 01:43:22,294 - scroll_stopping_tool_enhanced - INFO - No settings file found, using defaults
2025-07-26 01:43:22,294 - scroll_stopping_tool_enhanced - INFO - No settings file found, using defaults
